Linked: (/home/nash/ur3erg2_ws/devel/.private/ur_control/lib/python3/dist-packages/ur_control/__init__.py, /home/nash/ur3erg2_ws/devel/lib/python3/dist-packages/ur_control/__init__.py)
Linked: (/home/nash/ur3erg2_ws/devel/.private/ur_control/lib/python3/dist-packages/ur_control/srv/_RG2_Grip.py, /home/nash/ur3erg2_ws/devel/lib/python3/dist-packages/ur_control/srv/_RG2_Grip.py)
Linked: (/home/nash/ur3erg2_ws/devel/.private/ur_control/lib/python3/dist-packages/ur_control/srv/__init__.py, /home/nash/ur3erg2_ws/devel/lib/python3/dist-packages/ur_control/srv/__init__.py)
Linked: (/home/nash/ur3erg2_ws/devel/.private/ur_control/lib/python3/dist-packages/ur_control/srv/_RG2.py, /home/nash/ur3erg2_ws/devel/lib/python3/dist-packages/ur_control/srv/_RG2.py)
Linked: (/home/nash/ur3erg2_ws/devel/.private/ur_control/lib/pkgconfig/ur_control.pc, /home/nash/ur3erg2_ws/devel/lib/pkgconfig/ur_control.pc)
Linked: (/home/nash/ur3erg2_ws/devel/.private/ur_control/include/ur_control/RG2_Grip.h, /home/nash/ur3erg2_ws/devel/include/ur_control/RG2_Grip.h)
Linked: (/home/nash/ur3erg2_ws/devel/.private/ur_control/include/ur_control/RG2Request.h, /home/nash/ur3erg2_ws/devel/include/ur_control/RG2Request.h)
Linked: (/home/nash/ur3erg2_ws/devel/.private/ur_control/include/ur_control/RG2_GripRequest.h, /home/nash/ur3erg2_ws/devel/include/ur_control/RG2_GripRequest.h)
Linked: (/home/nash/ur3erg2_ws/devel/.private/ur_control/include/ur_control/RG2Response.h, /home/nash/ur3erg2_ws/devel/include/ur_control/RG2Response.h)
Linked: (/home/nash/ur3erg2_ws/devel/.private/ur_control/include/ur_control/RG2_GripResponse.h, /home/nash/ur3erg2_ws/devel/include/ur_control/RG2_GripResponse.h)
Linked: (/home/nash/ur3erg2_ws/devel/.private/ur_control/include/ur_control/RG2.h, /home/nash/ur3erg2_ws/devel/include/ur_control/RG2.h)
Linked: (/home/nash/ur3erg2_ws/devel/.private/ur_control/share/roseus/ros/ur_control/manifest.l, /home/nash/ur3erg2_ws/devel/share/roseus/ros/ur_control/manifest.l)
Linked: (/home/nash/ur3erg2_ws/devel/.private/ur_control/share/roseus/ros/ur_control/srv/RG2_Grip.l, /home/nash/ur3erg2_ws/devel/share/roseus/ros/ur_control/srv/RG2_Grip.l)
Linked: (/home/nash/ur3erg2_ws/devel/.private/ur_control/share/roseus/ros/ur_control/srv/RG2.l, /home/nash/ur3erg2_ws/devel/share/roseus/ros/ur_control/srv/RG2.l)
Linked: (/home/nash/ur3erg2_ws/devel/.private/ur_control/share/common-lisp/ros/ur_control/srv/RG2_Grip.lisp, /home/nash/ur3erg2_ws/devel/share/common-lisp/ros/ur_control/srv/RG2_Grip.lisp)
Linked: (/home/nash/ur3erg2_ws/devel/.private/ur_control/share/common-lisp/ros/ur_control/srv/RG2.lisp, /home/nash/ur3erg2_ws/devel/share/common-lisp/ros/ur_control/srv/RG2.lisp)
Linked: (/home/nash/ur3erg2_ws/devel/.private/ur_control/share/common-lisp/ros/ur_control/srv/_package.lisp, /home/nash/ur3erg2_ws/devel/share/common-lisp/ros/ur_control/srv/_package.lisp)
Linked: (/home/nash/ur3erg2_ws/devel/.private/ur_control/share/common-lisp/ros/ur_control/srv/_package_RG2.lisp, /home/nash/ur3erg2_ws/devel/share/common-lisp/ros/ur_control/srv/_package_RG2.lisp)
Linked: (/home/nash/ur3erg2_ws/devel/.private/ur_control/share/common-lisp/ros/ur_control/srv/ur_control-srv.asd, /home/nash/ur3erg2_ws/devel/share/common-lisp/ros/ur_control/srv/ur_control-srv.asd)
Linked: (/home/nash/ur3erg2_ws/devel/.private/ur_control/share/common-lisp/ros/ur_control/srv/_package_RG2_Grip.lisp, /home/nash/ur3erg2_ws/devel/share/common-lisp/ros/ur_control/srv/_package_RG2_Grip.lisp)
Linked: (/home/nash/ur3erg2_ws/devel/.private/ur_control/share/gennodejs/ros/ur_control/_index.js, /home/nash/ur3erg2_ws/devel/share/gennodejs/ros/ur_control/_index.js)
Linked: (/home/nash/ur3erg2_ws/devel/.private/ur_control/share/gennodejs/ros/ur_control/srv/_index.js, /home/nash/ur3erg2_ws/devel/share/gennodejs/ros/ur_control/srv/_index.js)
Linked: (/home/nash/ur3erg2_ws/devel/.private/ur_control/share/gennodejs/ros/ur_control/srv/RG2.js, /home/nash/ur3erg2_ws/devel/share/gennodejs/ros/ur_control/srv/RG2.js)
Linked: (/home/nash/ur3erg2_ws/devel/.private/ur_control/share/gennodejs/ros/ur_control/srv/RG2_Grip.js, /home/nash/ur3erg2_ws/devel/share/gennodejs/ros/ur_control/srv/RG2_Grip.js)
Linked: (/home/nash/ur3erg2_ws/devel/.private/ur_control/share/ur_control/cmake/ur_controlConfig.cmake, /home/nash/ur3erg2_ws/devel/share/ur_control/cmake/ur_controlConfig.cmake)
Linked: (/home/nash/ur3erg2_ws/devel/.private/ur_control/share/ur_control/cmake/ur_control-msg-paths.cmake, /home/nash/ur3erg2_ws/devel/share/ur_control/cmake/ur_control-msg-paths.cmake)
Linked: (/home/nash/ur3erg2_ws/devel/.private/ur_control/share/ur_control/cmake/ur_control-msg-extras.cmake, /home/nash/ur3erg2_ws/devel/share/ur_control/cmake/ur_control-msg-extras.cmake)
Linked: (/home/nash/ur3erg2_ws/devel/.private/ur_control/share/ur_control/cmake/ur_controlConfig-version.cmake, /home/nash/ur3erg2_ws/devel/share/ur_control/cmake/ur_controlConfig-version.cmake)
