[  0%] Built target tf2_msgs_generate_messages_py
[  0%] Built target tf_generate_messages_lisp
[  0%] Built target tf2_msgs_generate_messages_cpp
[  0%] Built target tf_generate_messages_nodejs
[  0%] Built target tf2_msgs_generate_messages_nodejs
[  0%] Built target tf2_msgs_generate_messages_lisp
[  0%] Built target ur_msgs_generate_messages_eus
[ 10%] [32mBuilding CXX object CMakeFiles/ur_hardware_interface.dir/src/ur_hardware_interface.cpp.o[0m
[ 10%] Built target control_msgs_generate_messages_eus
[ 10%] Built target tf_generate_messages_cpp
[ 10%] Built target trajectory_msgs_generate_messages_nodejs
[ 10%] Built target actionlib_msgs_generate_messages_cpp
[ 10%] Built target actionlib_generate_messages_nodejs
[ 10%] Built target sensor_msgs_generate_messages_nodejs
[ 10%] Built target controller_manager_msgs_generate_messages_py
[ 10%] Built target controller_manager_msgs_generate_messages_eus
[ 10%] Built target std_msgs_generate_messages_py
[ 10%] Built target actionlib_generate_messages_lisp
[ 10%] Built target geometry_msgs_generate_messages_eus
[ 10%] Built target std_msgs_generate_messages_cpp
[ 10%] Built target std_msgs_generate_messages_nodejs
[ 10%] Built target roscpp_generate_messages_lisp
[ 10%] Built target trajectory_msgs_generate_messages_eus
[ 10%] Built target roscpp_generate_messages_py
[ 10%] Built target controller_manager_msgs_generate_messages_lisp
[ 10%] Built target actionlib_generate_messages_cpp
[ 10%] Built target ur_msgs_generate_messages_lisp
[ 10%] Built target rosgraph_msgs_generate_messages_nodejs
[ 10%] Built target actionlib_msgs_generate_messages_py
[ 10%] Built target controller_manager_msgs_generate_messages_cpp
[ 10%] Built target std_msgs_generate_messages_lisp
[ 10%] Built target controller_manager_msgs_generate_messages_nodejs
[ 10%] Built target tf_generate_messages_eus
[ 10%] Built target rosgraph_msgs_generate_messages_lisp
[ 10%] Built target roscpp_generate_messages_cpp
[ 10%] Built target rosgraph_msgs_generate_messages_py
[ 10%] Built target roscpp_generate_messages_eus
[ 10%] Built target roscpp_generate_messages_nodejs
[ 10%] Built target rosgraph_msgs_generate_messages_eus
[ 10%] Built target actionlib_generate_messages_py
[ 10%] Built target trajectory_msgs_generate_messages_cpp
[ 10%] Built target tf_generate_messages_py
[ 10%] Built target std_msgs_generate_messages_eus
[ 10%] Built target actionlib_msgs_generate_messages_lisp
[ 10%] Built target actionlib_msgs_generate_messages_nodejs
[ 10%] Built target control_msgs_generate_messages_cpp
[ 10%] Built target control_msgs_generate_messages_py
[ 10%] Built target actionlib_msgs_generate_messages_eus
[ 10%] Built target control_msgs_generate_messages_nodejs
[ 10%] Built target geometry_msgs_generate_messages_cpp
[ 10%] Built target geometry_msgs_generate_messages_lisp
[ 10%] Built target ur_msgs_generate_messages_py
[ 10%] Built target geometry_msgs_generate_messages_nodejs
[ 10%] Built target geometry_msgs_generate_messages_py
[ 10%] Built target tf2_msgs_generate_messages_eus
[ 10%] Built target sensor_msgs_generate_messages_py
[ 10%] Built target actionlib_generate_messages_eus
[ 10%] Built target rosgraph_msgs_generate_messages_cpp
[ 10%] Built target trajectory_msgs_generate_messages_lisp
[ 10%] Built target trajectory_msgs_generate_messages_py
[ 10%] Built target sensor_msgs_generate_messages_cpp
[ 10%] Built target ur_msgs_generate_messages_nodejs
[ 10%] Built target ur_msgs_generate_messages_cpp
[ 10%] Built target sensor_msgs_generate_messages_lisp
[ 10%] Built target sensor_msgs_generate_messages_eus
[ 10%] Built target control_msgs_generate_messages_lisp
In file included from [01m[K/home/nash/ur3erg2_ws/src/ur_modern_driver/include/ur_modern_driver/ur_hardware_interface.h:70[m[K,
                 from [01m[K/home/nash/ur3erg2_ws/src/ur_modern_driver/src/ur_hardware_interface.cpp:58[m[K:
[01m[K/home/nash/ur3erg2_ws/src/ur_modern_driver/include/ur_modern_driver/ur_driver.h:37:10:[m[K [01;31m[Kfatal error: [m[Kur_control/RG2.h: No such file or directory
   37 | #include [01;31m[K"ur_control/RG2.h"[m[K
      |          [01;31m[K^~~~~~~~~~~~~~~~~~[m[K
compilation terminated.
make[2]: *** [CMakeFiles/ur_hardware_interface.dir/build.make:63: CMakeFiles/ur_hardware_interface.dir/src/ur_hardware_interface.cpp.o] Error 1
make[1]: *** [CMakeFiles/Makefile2:207: CMakeFiles/ur_hardware_interface.dir/all] Error 2
make: *** [Makefile:141: all] Error 2
