[  0%] Built target tf2_msgs_generate_messages_py
[  0%] Built target ur_control_generate_messages_nodejs
[  0%] Built target ur_msgs_generate_messages_eus
[  0%] Built target tf2_msgs_generate_messages_nodejs
[  0%] Built target ur_control_generate_messages_cpp
[  0%] Built target tf2_msgs_generate_messages_lisp
[  0%] Built target ur_control_generate_messages_py
[ 20%] Built target ur_hardware_interface
[ 20%] Built target tf_generate_messages_lisp
[ 20%] Built target trajectory_msgs_generate_messages_nodejs
[ 20%] Built target actionlib_generate_messages_nodejs
[ 20%] Built target tf_generate_messages_nodejs
[ 20%] Built target tf_generate_messages_cpp
[ 20%] Built target control_msgs_generate_messages_eus
[ 20%] Built target actionlib_msgs_generate_messages_cpp
[ 20%] Built target controller_manager_msgs_generate_messages_py
[ 20%] Built target sensor_msgs_generate_messages_nodejs
[ 20%] Built target controller_manager_msgs_generate_messages_eus
[ 20%] Built target ur_control_generate_messages_eus
[ 20%] Built target std_msgs_generate_messages_cpp
[ 20%] Built target geometry_msgs_generate_messages_eus
[ 20%] Built target roscpp_generate_messages_lisp
[ 20%] Built target tf2_msgs_generate_messages_cpp
[ 20%] Built target std_msgs_generate_messages_py
[ 20%] Built target std_msgs_generate_messages_nodejs
[ 20%] Built target actionlib_generate_messages_lisp
[ 20%] Built target controller_manager_msgs_generate_messages_lisp
[ 20%] Built target rosgraph_msgs_generate_messages_nodejs
[ 20%] Built target ur_msgs_generate_messages_lisp
[ 20%] Built target trajectory_msgs_generate_messages_eus
[ 20%] Built target actionlib_msgs_generate_messages_py
[ 20%] Built target roscpp_generate_messages_py
[ 20%] Built target actionlib_generate_messages_cpp
[ 20%] Built target controller_manager_msgs_generate_messages_cpp
[ 20%] Built target std_msgs_generate_messages_lisp
[ 20%] Built target rosgraph_msgs_generate_messages_lisp
[ 20%] Built target tf_generate_messages_eus
[ 20%] Built target ur_control_generate_messages_lisp
[ 20%] Built target controller_manager_msgs_generate_messages_nodejs
[ 20%] Built target rosgraph_msgs_generate_messages_py
[ 20%] Built target roscpp_generate_messages_cpp
[ 20%] Built target roscpp_generate_messages_eus
[ 20%] Built target actionlib_generate_messages_py
[ 20%] Built target trajectory_msgs_generate_messages_cpp
[ 20%] Built target roscpp_generate_messages_nodejs
[ 20%] Built target rosgraph_msgs_generate_messages_eus
[ 20%] Built target tf_generate_messages_py
[ 20%] Built target std_msgs_generate_messages_eus
[ 20%] Built target actionlib_msgs_generate_messages_nodejs
[ 20%] Built target actionlib_msgs_generate_messages_lisp
[ 20%] Built target control_msgs_generate_messages_cpp
[ 20%] Built target actionlib_msgs_generate_messages_eus
[ 20%] Built target control_msgs_generate_messages_py
[ 20%] Built target control_msgs_generate_messages_nodejs
[ 20%] Built target geometry_msgs_generate_messages_cpp
[ 20%] Built target geometry_msgs_generate_messages_nodejs
[ 20%] Built target geometry_msgs_generate_messages_lisp
[ 20%] Built target ur_msgs_generate_messages_py
[ 20%] Built target geometry_msgs_generate_messages_py
[ 20%] Built target tf2_msgs_generate_messages_eus
[ 20%] Built target trajectory_msgs_generate_messages_lisp
[ 20%] Built target actionlib_generate_messages_eus
[ 20%] Built target sensor_msgs_generate_messages_py
[ 20%] Built target rosgraph_msgs_generate_messages_cpp
[ 20%] Built target sensor_msgs_generate_messages_cpp
[ 20%] Built target trajectory_msgs_generate_messages_py
[ 20%] Built target ur_msgs_generate_messages_nodejs
[ 20%] Built target control_msgs_generate_messages_lisp
[ 20%] Built target sensor_msgs_generate_messages_eus
[ 20%] Built target sensor_msgs_generate_messages_lisp
[ 20%] Built target ur_msgs_generate_messages_cpp
[35m[1mScanning dependencies of target ur_driver[0m
[ 30%] [32mBuilding CXX object CMakeFiles/ur_driver.dir/src/ur_ros_wrapper.cpp.o[0m
[01m[K/home/nash/ur3erg2_ws/src/ur_modern_driver/src/ur_ros_wrapper.cpp:[m[K In member function ‘[01m[Kbool RosWrapper::setPayload(ur_msgs::SetPayloadRequest&, ur_msgs::SetPayloadResponse&)[m[K’:
[01m[K/home/nash/ur3erg2_ws/src/ur_modern_driver/src/ur_ros_wrapper.cpp:421:29:[m[K [01;31m[Kerror: [m[Kcannot convert ‘[01m[Kur_msgs::SetPayloadRequest_<std::allocator<void> >::_center_of_gravity_type[m[K’ {aka ‘[01m[Kgeometry_msgs::Vector3_<std::allocator<void> >[m[K’} to ‘[01m[Kdouble[m[K’
  421 |   if (robot_.setPayload([01;31m[Kreq.center_of_gravity[m[K))
      |                         [01;31m[K~~~~^~~~~~~~~~~~~~~~~[m[K
      |                             [01;31m[K|[m[K
      |                             [01;31m[Kur_msgs::SetPayloadRequest_<std::allocator<void> >::_center_of_gravity_type {aka geometry_msgs::Vector3_<std::allocator<void> >}[m[K
In file included from [01m[K/home/nash/ur3erg2_ws/src/ur_modern_driver/src/ur_ros_wrapper.cpp:19[m[K:
[01m[K/home/nash/ur3erg2_ws/src/ur_modern_driver/include/ur_modern_driver/ur_driver.h:92:25:[m[K [01;36m[Knote: [m[K  initializing argument 1 of ‘[01m[Kbool UrDriver::setPayload(double)[m[K’
   92 |  bool setPayload([01;36m[Kdouble m[m[K);
      |                  [01;36m[K~~~~~~~^[m[K
make[2]: *** [CMakeFiles/ur_driver.dir/build.make:63: CMakeFiles/ur_driver.dir/src/ur_ros_wrapper.cpp.o] Error 1
make[1]: *** [CMakeFiles/Makefile2:1956: CMakeFiles/ur_driver.dir/all] Error 2
make: *** [Makefile:141: all] Error 2
