[35m[1mScanning dependencies of target ur_control_generate_messages_cpp[0m
[35m[1mScanning dependencies of target ur_control_generate_messages_nodejs[0m
[35m[1mScanning dependencies of target ur_hardware_interface[0m
[35m[1mScanning dependencies of target ur_control_generate_messages_py[0m
[  0%] Built target ur_control_generate_messages_nodejs
[  0%] Built target tf2_msgs_generate_messages_py
[  0%] Built target tf2_msgs_generate_messages_nodejs
[  0%] Built target ur_msgs_generate_messages_eus
[  0%] Built target tf2_msgs_generate_messages_lisp
[  0%] Built target ur_control_generate_messages_cpp
[ 10%] [32mBuilding CXX object CMakeFiles/ur_hardware_interface.dir/src/ur_hardware_interface.cpp.o[0m
[ 10%] Built target ur_control_generate_messages_py
[ 10%] Built target tf2_msgs_generate_messages_cpp
[ 10%] Built target tf_generate_messages_nodejs
[ 10%] Built target tf_generate_messages_lisp
[ 10%] Built target control_msgs_generate_messages_eus
[ 10%] Built target actionlib_generate_messages_nodejs
[ 10%] Built target tf_generate_messages_cpp
[ 10%] Built target trajectory_msgs_generate_messages_nodejs
[ 10%] Built target sensor_msgs_generate_messages_nodejs
[ 10%] Built target controller_manager_msgs_generate_messages_py
[ 10%] Built target actionlib_msgs_generate_messages_cpp
[ 10%] Built target actionlib_generate_messages_lisp
[ 10%] Built target std_msgs_generate_messages_py
[ 10%] Built target controller_manager_msgs_generate_messages_eus
[35m[1mScanning dependencies of target ur_control_generate_messages_eus[0m
[ 10%] Built target std_msgs_generate_messages_nodejs
[ 10%] Built target std_msgs_generate_messages_cpp
[ 10%] Built target geometry_msgs_generate_messages_eus
[ 10%] Built target ur_control_generate_messages_eus
[ 10%] Built target roscpp_generate_messages_lisp
[ 10%] Built target controller_manager_msgs_generate_messages_lisp
[ 10%] Built target trajectory_msgs_generate_messages_eus
[ 10%] Built target roscpp_generate_messages_py
[ 10%] Built target ur_msgs_generate_messages_lisp
[ 10%] Built target rosgraph_msgs_generate_messages_nodejs
[ 10%] Built target actionlib_generate_messages_cpp
[ 10%] Built target controller_manager_msgs_generate_messages_cpp
[ 10%] Built target actionlib_msgs_generate_messages_py
[ 10%] Built target std_msgs_generate_messages_lisp
[ 10%] Built target tf_generate_messages_eus
[35m[1mScanning dependencies of target ur_control_generate_messages_lisp[0m
[ 10%] Built target controller_manager_msgs_generate_messages_nodejs
[ 10%] Built target roscpp_generate_messages_cpp
[ 10%] Built target rosgraph_msgs_generate_messages_py
[ 10%] Built target rosgraph_msgs_generate_messages_lisp
[ 10%] Built target ur_control_generate_messages_lisp
[ 10%] Built target roscpp_generate_messages_eus
[ 10%] Built target roscpp_generate_messages_nodejs
[ 10%] Built target rosgraph_msgs_generate_messages_eus
[ 10%] Built target actionlib_generate_messages_py
[ 10%] Built target trajectory_msgs_generate_messages_cpp
[ 10%] Built target std_msgs_generate_messages_eus
[ 10%] Built target tf_generate_messages_py
[ 10%] Built target actionlib_msgs_generate_messages_lisp
[ 10%] Built target actionlib_msgs_generate_messages_nodejs
[ 10%] Built target control_msgs_generate_messages_cpp
[ 10%] Built target actionlib_msgs_generate_messages_eus
[ 10%] Built target control_msgs_generate_messages_nodejs
[ 10%] Built target control_msgs_generate_messages_py
[ 10%] Built target geometry_msgs_generate_messages_cpp
[ 10%] Built target ur_msgs_generate_messages_py
[ 10%] Built target geometry_msgs_generate_messages_lisp
[ 10%] Built target tf2_msgs_generate_messages_eus
[ 10%] Built target geometry_msgs_generate_messages_nodejs
[ 10%] Built target geometry_msgs_generate_messages_py
[ 10%] Built target sensor_msgs_generate_messages_py
[ 10%] Built target rosgraph_msgs_generate_messages_cpp
[ 10%] Built target trajectory_msgs_generate_messages_lisp
[ 10%] Built target actionlib_generate_messages_eus
[ 10%] Built target trajectory_msgs_generate_messages_py
[ 10%] Built target ur_msgs_generate_messages_nodejs
[ 10%] Built target sensor_msgs_generate_messages_cpp
[ 10%] Built target sensor_msgs_generate_messages_eus
[ 10%] Built target sensor_msgs_generate_messages_lisp
[ 10%] Built target control_msgs_generate_messages_lisp
[ 10%] Built target ur_msgs_generate_messages_cpp
[ 20%] [32m[1mLinking CXX shared library /home/nash/ur3erg2_ws/devel/.private/ur_modern_driver/lib/libur_hardware_interface.so[0m
[ 20%] Built target ur_hardware_interface
[35m[1mScanning dependencies of target ur_driver[0m
[ 40%] [32mBuilding CXX object CMakeFiles/ur_driver.dir/src/robot_state.cpp.o[0m
[ 50%] [32mBuilding CXX object CMakeFiles/ur_driver.dir/src/ur_realtime_communication.cpp.o[0m
[ 60%] [32mBuilding CXX object CMakeFiles/ur_driver.dir/src/do_output.cpp.o[0m
[ 60%] [32mBuilding CXX object CMakeFiles/ur_driver.dir/src/ur_communication.cpp.o[0m
[ 70%] [32mBuilding CXX object CMakeFiles/ur_driver.dir/src/ur_ros_wrapper.cpp.o[0m
[ 80%] [32mBuilding CXX object CMakeFiles/ur_driver.dir/src/robot_state_RT.cpp.o[0m
[ 90%] [32mBuilding CXX object CMakeFiles/ur_driver.dir/src/ur_driver.cpp.o[0m
[01m[K/home/nash/ur3erg2_ws/src/ur_modern_driver/src/ur_ros_wrapper.cpp:[m[K In member function ‘[01m[Kbool RosWrapper::setPayload(ur_msgs::SetPayloadRequest&, ur_msgs::SetPayloadResponse&)[m[K’:
[01m[K/home/nash/ur3erg2_ws/src/ur_modern_driver/src/ur_ros_wrapper.cpp:421:29:[m[K [01;31m[Kerror: [m[K‘[01m[Kur_msgs::SetPayloadRequest[m[K’ {aka ‘[01m[Kstruct ur_msgs::SetPayloadRequest_<std::allocator<void> >[m[K’} has no member named ‘[01m[Kpayload[m[K’
  421 |   if (robot_.setPayload(req.[01;31m[Kpayload[m[K))
      |                             [01;31m[K^~~~~~~[m[K
make[2]: *** [CMakeFiles/ur_driver.dir/build.make:63: CMakeFiles/ur_driver.dir/src/ur_ros_wrapper.cpp.o] Error 1
make[1]: *** [CMakeFiles/Makefile2:1956: CMakeFiles/ur_driver.dir/all] Error 2
make: *** [Makefile:141: all] Error 2
